--------------------------
Lavoro allocato su 8 cpu(s)
Lavoro eseguito on node(s): 
wn273.scope.unina.it
wn274.scope.unina.it
wn275.scope.unina.it
wn276.scope.unina.it
wn277.scope.unina.it
wn278.scope.unina.it
wn279.scope.unina.it
wn280.scope.unina.it
-----------------------------
PBS: qsub is running on ui-studenti.scope.unina.it
PBS: originating queue is studenti
PBS: executing queue is studenti
PBS: working directory is /homes/DMA/PDC/2021/MZZBTL96N/Matmat
PBS: execution mode is PBS_BATCH
PBS: job identifier is 3994249.torque02.scope.unina.it
PBS: job name is matmat
PBS: node file is /var/spool/pbs/aux//3994249.torque02.scope.unina.it
PBS: current home directory is /homes/DMA/PDC/2021/MZZBTL96N
PBS: PATH = /usr/lib64/openmpi/1.2.7-gcc/bin:/usr/kerberos/bin:/opt/exp_soft/unina.it/intel/composer_xe_2013_sp1.3.174/bin/intel64:/opt/exp_soft/unina.it/intel/composer_xe_2013_sp1.3.174/mpirt/bin/intel64:/opt/exp_soft/unina.it/intel/composer_xe_2013_sp1.3.174/bin/intel64:/opt/exp_soft/unina.it/intel/composer_xe_2013_sp1.3.174/bin/intel64_mic:/opt/exp_soft/unina.it/intel/composer_xe_2013_sp1.3.174/debugger/gui/intel64:/opt/d-cache/srm/bin:/opt/d-cache/dcap/bin:/opt/edg/bin:/opt/glite/bin:/opt/globus/bin:/opt/lcg/bin:/usr/local/bin:/bin:/usr/bin:/opt/exp_soft/HADOOP/hadoop-1.0.3/bin:/opt/exp_soft/unina.it/intel/composerxe/bin/intel64/:/opt/exp_soft/unina.it/MPJExpress/mpj-v0_38/bin:/homes/DMA/PDC/2021/MZZBTL96N/bin
-----------------------------
Compilo ...
Eseguo ...
N-cpu : 1

Time: 0.035863 seconds

Time: 0.036967 seconds

Time: 0.037099 seconds

Time: 0.037915 seconds

Time: 0.038397 seconds
N-cpu : 4

Time: 0.011575 seconds

Time: 0.011551 seconds

Time: 0.011575 seconds

Time: 0.011567 seconds

Time: 0.011551 seconds
